

-------------------------------------------------
CS240: Lab 4. pujari   
Mon Oct  6 23:06:05 EDT 2014
-------------------------------------------------
./countlines   < in1                : 4   of 4  
./countlines   < in2                : 4   of 4  
./countlines   < hamlet             : 3   of 3  
./towords   < in1                   : 4   of 4  
./towords   < in2                   : 4   of 4  
./towords   < hamlet                : 3   of 3  
./rpncalc                           : 3   of 3  
./rpncalc 2 3 +                     : 3   of 3  
./rpncalc 2 3 - 4 +                 : 3   of 3  
./rpncalc 2 3 x 5 / 4 -             : 3   of 3  
./rpncalc 2.0 3.2 / 5.3 x 4 +       : 3   of 3  
./rpncalc 3.0 7 -4 - 5 x +          : 3   of 3  
./rpncalc -2.9 3 x 5.2 /            : 3   of 3  
./rpncalc 3.14 2 / cos 2 x          : 3   of 3  
./rpncalc 3.14 2 / sin 2 + 3.14 2 / cos 2 x -  : 3   of 3  
./rpncalc 2 3 pow exp log           : 3   of 3  
./rpncalc 2 3 5                     : 3   of 3  
./rpncalc 2 3 5 + + +               : 3   of 3  
./convert                           : 3   of 3  
./convert 10                        : 3   of 3  
./convert 10 10                     : 3   of 3  
./convert 10 10                     : 3   of 3  
./convert 10 10 10                  : 3   of 3  
./convert 16 10 FF                  : 3   of 3  
./convert 16 10 100                 : 3   of 3  
./convert 10 8 20                   : 3   of 3  
./convert 10 2 127                  : 3   of 3  
./convert 10 16 8191                : 3   of 3  
./convert 10 25 100077900           : 3   of 3  
./convert 2 16 100010001111         : 3   of 3  
./convert 5 10 1234                 : 3   of 3  
./convert 5 10 123456               : 3   of 3  
-------------------------------------------------
CS240: Lab 4. pujari Mon Oct 6 23:06:05 EDT 2014  Total:  100 of 100

